<?xml version="1.0" encoding="UTF-8"?>
<!-- Generated by org.testng.reporters.JUnitReportReporter -->
<testsuite hostname="DESKTOP-8DPVRQ3" failures="0" tests="3" name="com.api.test.Examples" time="2.956" errors="0" timestamp="2021-09-26T16:04:48 IST" skipped="0">
  <testcase classname="com.api.test.Examples" name="sampleGet2" time="0.397"/>
  <system-out/>
  <testcase classname="com.api.test.Examples" name="sampleGet3" time="0.664"/>
  <system-out/>
  <testcase classname="com.api.test.Examples" name="sampleGet" time="1.895"/>
  <system-out/>
</testsuite> <!-- com.api.test.Examples -->
