<?xml version="1.0" encoding="UTF-8"?>
<!-- Generated by org.testng.reporters.JUnitReportReporter -->
<testsuite hostname="DESKTOP-8DPVRQ3" failures="0" tests="1" name="com.api.demo.POSTExamples" time="1.856" errors="0" timestamp="2021-10-17T09:22:34 IST" skipped="0">
  <testcase classname="com.api.demo.POSTExamples" name="createNewPost" time="1.856"/>
  <system-out/>
</testsuite> <!-- com.api.demo.POSTExamples -->
