<?xml version="1.0" encoding="UTF-8"?>
<!-- Generated by org.testng.reporters.JUnitReportReporter -->
<testsuite hostname="DESKTOP-8DPVRQ3" failures="0" tests="4" name="com.api.test.Examples" time="8.082" errors="0" timestamp="2021-10-02T18:49:49 IST" skipped="0">
  <testcase classname="com.api.test.Examples" name="sampleGet" time="5.041"/>
  <system-out/>
  <testcase classname="com.api.test.Examples" name="sampleGet4" time="1.186"/>
  <system-out/>
  <testcase classname="com.api.test.Examples" name="sampleGet3" time="0.980"/>
  <system-out/>
  <testcase classname="com.api.test.Examples" name="sampleGet2" time="0.875"/>
  <system-out/>
</testsuite> <!-- com.api.test.Examples -->
