<?xml version="1.0" encoding="UTF-8"?>
<!-- Generated by org.testng.reporters.JUnitReportReporter -->
<testsuite hostname="DESKTOP-8DPVRQ3" failures="0" tests="3" name="com.api.test.GETExamples" time="4.103" errors="0" timestamp="2021-10-03T12:09:12 IST" skipped="0">
  <testcase classname="com.api.test.GETExamples" name="sampleGetInGherkins" time="0.881"/>
  <system-out/>
  <testcase classname="com.api.test.GETExamples" name="sampleGet" time="2.385"/>
  <system-out/>
  <testcase classname="com.api.test.GETExamples" name="sampleGetWithRestAssuredAssertion" time="0.837"/>
  <system-out/>
</testsuite> <!-- com.api.test.GETExamples -->
