<?xml version="1.0" encoding="UTF-8"?>
<!-- Generated by org.testng.reporters.JUnitReportReporter -->
<testsuite hostname="DESKTOP-8DPVRQ3" failures="0" tests="1" name="com.api.demo.GETExamples" time="3.962" errors="0" timestamp="2021-10-16T19:43:51 IST" skipped="0">
  <testcase classname="com.api.demo.GETExamples" name="getAllPosts" time="3.962"/>
  <system-out/>
</testsuite> <!-- com.api.demo.GETExamples -->
