<?xml version="1.0" encoding="UTF-8"?>
<!-- Generated by org.testng.reporters.JUnitReportReporter -->
<testsuite hostname="DESKTOP-8DPVRQ3" failures="0" tests="2" name="com.api.test.Examples" time="2.157" errors="0" timestamp="2021-09-26T13:33:58 IST" skipped="0">
  <testcase classname="com.api.test.Examples" name="sampleGet" time="1.637"/>
  <system-out/>
  <testcase classname="com.api.test.Examples" name="sampleGet2" time="0.520"/>
  <system-out/>
</testsuite> <!-- com.api.test.Examples -->
