<?xml version="1.0" encoding="UTF-8"?>
<!-- Generated by org.testng.reporters.JUnitReportReporter -->
<testsuite hostname="DESKTOP-8DPVRQ3" failures="0" tests="1" name="com.api.test.server.local.PUTExamples" time="1.544" errors="0" timestamp="2021-10-17T19:19:31 IST" skipped="0">
  <testcase classname="com.api.test.server.local.PUTExamples" name="updatePost" time="1.544"/>
  <system-out/>
</testsuite> <!-- com.api.test.server.local.PUTExamples -->
