<?xml version="1.0" encoding="UTF-8"?>
<!-- Generated by org.testng.reporters.JUnitReportReporter -->
<testsuite hostname="DESKTOP-8DPVRQ3" failures="0" tests="3" name="com.api.test.GETExamples" time="2.836" errors="0" timestamp="2021-10-02T18:57:11 IST" skipped="0">
  <testcase classname="com.api.test.GETExamples" name="sampleGetWithRestAssuredAssertion" time="0.698"/>
  <system-out/>
  <testcase classname="com.api.test.GETExamples" name="sampleGet" time="1.581"/>
  <system-out/>
  <testcase classname="com.api.test.GETExamples" name="sampleGetInGherkins" time="0.557"/>
  <system-out/>
</testsuite> <!-- com.api.test.GETExamples -->
