<?xml version="1.0" encoding="UTF-8"?>
<!-- Generated by org.testng.reporters.JUnitReportReporter -->
<testsuite hostname="DESKTOP-8DPVRQ3" failures="0" tests="1" name="com.api.test.POSTExamples" time="0.006" errors="0" timestamp="2021-10-03T11:21:38 IST" skipped="0">
  <testcase classname="com.api.test.POSTExamples" name="SamplePostUsingHashMap" time="0.006"/>
  <system-out/>
</testsuite> <!-- com.api.test.POSTExamples -->
