<?xml version="1.0" encoding="UTF-8"?>
<!-- Generated by org.testng.reporters.JUnitReportReporter -->
<testsuite hostname="DESKTOP-8DPVRQ3" failures="0" tests="1" name="com.api.test.Examples" time="2.038" errors="0" timestamp="2021-09-20T17:43:16 IST" skipped="0">
  <testcase classname="com.api.test.Examples" name="sampleGet" time="2.038"/>
  <system-out/>
</testsuite> <!-- com.api.test.Examples -->
