<?xml version="1.0" encoding="UTF-8"?>
<!-- Generated by org.testng.reporters.JUnitReportReporter -->
<testsuite hostname="DESKTOP-8DPVRQ3" failures="0" tests="1" name="com.api.test.server.local.GETExamples" time="1.241" errors="0" timestamp="2021-10-24T18:35:53 IST" skipped="0">
  <testcase classname="com.api.test.server.local.GETExamples" name="getAllPosts" time="1.241"/>
  <system-out/>
</testsuite> <!-- com.api.test.server.local.GETExamples -->
