<?xml version="1.0" encoding="UTF-8"?>
<!-- Generated by org.testng.reporters.JUnitReportReporter -->
<testsuite hostname="DESKTOP-8DPVRQ3" failures="0" tests="1" name="com.api.test.POSTExamples" time="2.657" errors="0" timestamp="2021-10-03T12:38:29 IST" skipped="0">
  <testcase classname="com.api.test.POSTExamples" name="SamplePostUsingHashMap" time="2.657"/>
  <system-out/>
</testsuite> <!-- com.api.test.POSTExamples -->
