<?xml version="1.0" encoding="UTF-8"?>
<!-- Generated by org.testng.reporters.JUnitReportReporter -->
<testsuite hostname="DESKTOP-8DPVRQ3" failures="0" tests="3" name="com.api.test.GETExamples" time="3.025" errors="0" timestamp="2021-10-03T09:47:48 IST" skipped="0">
  <testcase classname="com.api.test.GETExamples" name="sampleGetInGherkins" time="0.469"/>
  <system-out/>
  <testcase classname="com.api.test.GETExamples" name="sampleGet" time="1.702"/>
  <system-out/>
  <testcase classname="com.api.test.GETExamples" name="sampleGetWithRestAssuredAssertion" time="0.854"/>
  <system-out/>
</testsuite> <!-- com.api.test.GETExamples -->
