<?xml version="1.0" encoding="UTF-8"?>
<!-- Generated by org.testng.reporters.JUnitReportReporter -->
<testsuite hostname="DESKTOP-8DPVRQ3" failures="0" tests="2" name="com.api.test.Examples" time="2.063" errors="0" timestamp="2021-09-26T11:38:09 IST" skipped="0">
  <testcase classname="com.api.test.Examples" name="sampleGet" time="1.799"/>
  <system-out/>
  <testcase classname="com.api.test.Examples" name="sampleGet2" time="0.264"/>
  <system-out/>
</testsuite> <!-- com.api.test.Examples -->
