<?xml version="1.0" encoding="UTF-8"?>
<!-- Generated by org.testng.reporters.JUnitReportReporter -->
<testsuite hostname="DESKTOP-8DPVRQ3" failures="0" tests="1" name="com.api.test.server.local.GETExamples" time="2.731" errors="0" timestamp="2022-02-16T15:20:34 IST" skipped="0">
  <testcase classname="com.api.test.server.local.GETExamples" name="testVerifyTestAuthorPresent" time="2.731"/>
  <system-out/>
</testsuite> <!-- com.api.test.server.local.GETExamples -->
