<?xml version="1.0" encoding="UTF-8"?>
<!-- Generated by org.testng.reporters.JUnitReportReporter -->
<testsuite hostname="DESKTOP-8DPVRQ3" failures="0" tests="1" name="com.api.test.server.local.PATCHExamples" time="1.376" errors="0" timestamp="2021-10-20T12:19:37 IST" skipped="0">
  <testcase classname="com.api.test.server.local.PATCHExamples" name="updatePostAuthor" time="1.376"/>
  <system-out/>
</testsuite> <!-- com.api.test.server.local.PATCHExamples -->
