<?xml version="1.0" encoding="UTF-8"?>
<!-- Generated by org.testng.reporters.JUnitReportReporter -->
<testsuite hostname="DESKTOP-8DPVRQ3" failures="0" tests="1" name="com.api.test.server.local.POSTExamples" time="1.367" errors="0" timestamp="2021-10-24T18:34:33 IST" skipped="0">
  <testcase classname="com.api.test.server.local.POSTExamples" name="createNewPostWithInnerArray" time="1.367"/>
  <system-out/>
</testsuite> <!-- com.api.test.server.local.POSTExamples -->
